Getting env variables for app DAT368.db in org teched_dat368 / space dev00 as primaryuser01@gmail.com...
OK

System-Provided:
{
 "VCAP_SERVICES": {
  "hana-db": [
   {
    "binding_name": null,
    "credentials": {
     "certificate": "-----BEGIN CERTIFICATE-----\nMIIDrzCCApegAwIBAgIQCDvgVpBCRrGhdWrJWZHHSjANBgkqhkiG9w0BAQUFADBh\nMQswCQYDVQQGEwJVUzEVMBMGA1UEChMMRGlnaUNlcnQgSW5jMRkwFwYDVQQLExB3\nd3cuZGlnaWNlcnQuY29tMSAwHgYDVQQDExdEaWdpQ2VydCBHbG9iYWwgUm9vdCBD\nQTAeFw0wNjExMTAwMDAwMDBaFw0zMTExMTAwMDAwMDBaMGExCzAJBgNVBAYTAlVT\nMRUwEwYDVQQKEwxEaWdpQ2VydCBJbmMxGTAXBgNVBAsTEHd3dy5kaWdpY2VydC5j\nb20xIDAeBgNVBAMTF0RpZ2lDZXJ0IEdsb2JhbCBSb290IENBMIIBIjANBgkqhkiG\n9w0BAQEFAAOCAQ8AMIIBCgKCAQEA4jvhEXLeqKTTo1eqUKKPC3eQyaKl7hLOllsB\nCSDMAZOnTjC3U/dDxGkAV53ijSLdhwZAAIEJzs4bg7/fzTtxRuLWZscFs3YnFo97\nnh6Vfe63SKMI2tavegw5BmV/Sl0fvBf4q77uKNd0f3p4mVmFaG5cIzJLv07A6Fpt\n43C/dxC//AH2hdmoRBBYMql1GNXRor5H4idq9Joz+EkIYIvUX7Q6hL+hqkpMfT7P\nT19sdl6gSzeRntwi5m3OFBqOasv+zbMUZBfHWymeMr/y7vrTC0LUq7dBMtoM1O/4\ngdW7jVg/tRvoSSiicNoxBN33shbyTApOB6jtSj1etX+jkMOvJwIDAQABo2MwYTAO\nBgNVHQ8BAf8EBAMCAYYwDwYDVR0TAQH/BAUwAwEB/zAdBgNVHQ4EFgQUA95QNVbR\nTLtm8KPiGxvDl7I90VUwHwYDVR0jBBgwFoAUA95QNVbRTLtm8KPiGxvDl7I90VUw\nDQYJKoZIhvcNAQEFBQADggEBAMucN6pIExIK+t1EnE9SsPTfrgT1eXkIoyQY/Esr\nhMAtudXH/vTBH1jLuG2cenTnmCmrEbXjcKChzUyImZOMkXDiqw8cvpOp/2PV5Adg\n06O/nVsJ8dWO41P0jmP6P6fbtGbfYmbW0W5BjfIttep3Sp+dWOIrWcBAI+0tKIJF\nPnlUkiaY4IBIqDfv8NZ5YBberOgOzW6sRBc4L0na4UU+Krk2U886UAb3LujEV0ls\nYSEY1QSteDwsOoBrp+uvFRTp2InBuThs4pFsiv9kuXclVzDAGySj4dzp30d8tbQk\nCAUw7C29C79Fv1C5qfPrmAESrciIxpg0X40KPMbp1ZWVbd4=\n-----END CERTIFICATE-----\n",
     "driver": "com.sap.db.jdbc.Driver",
     "host": "zeus.hana.prod.eu-central-1.whitney.dbaas.ondemand.com",
     "port": "20312",
     "url": "jdbc:sap://zeus.hana.prod.eu-central-1.whitney.dbaas.ondemand.com:20312?encrypt=true\u0026validateCertificate=true"
    },
    "instance_name": "dat368-hdi",
    "label": "hana-db",
    "name": "dat368-hdi",
    "plan": "standard",
    "provider": null,
    "syslog_drain_url": null,
    "tags": [
     "hana",
     "database",
     "relational"
    ],
    "volume_mounts": []
   }
  ]
 }
}

{
 "VCAP_APPLICATION": {
  "application_id": "b430d2e4-8e5a-43da-ba57-81e47bd3b269",
  "application_name": "DAT368.db",
  "application_uris": [],
  "application_version": "b9041b41-cdef-4a23-b9ca-43968dd4bbf0",
  "cf_api": "https://api.cf.eu10.hana.ondemand.com",
  "limits": {
   "disk": 1024,
   "fds": 16384,
   "mem": 256
  },
  "name": "DAT368.db",
  "space_id": "8491ff58-801b-4939-8aa2-6503b1042e0a",
  "space_name": "dev00",
  "uris": [],
  "users": null,
  "version": "b9041b41-cdef-4a23-b9ca-43968dd4bbf0"
 }
}

User-Provided:
DEPLOY_ATTRIBUTES: {
  "app-content-digest": "7FD2347C823F729A2896C57EFC2F398C",
  "check-deploy-id": true,
  "dependency-type": "soft",
  "descriptor-defined-uris": [],
  "execute-app": true,
  "failure-marker": "STDERR:Deployment to container .* failed.*",
  "stop-app": true,
  "success-marker": "STDOUT:Deployment to container .* done.*"
}
DEPLOY_ID: deploy-51851864
MTA_METADATA: {
  "id": "DAT368",
  "version": "0.0.1"
}
MTA_MODULE_METADATA: {
  "name": "db"
}
MTA_MODULE_PROVIDED_DEPENDENCIES: []
MTA_SERVICES: [
  "dat368-hdi"
]
MTA_SHARED_SERVICES: []

No running env variables have been set

Staging Environment Variable Groups:
npm_config_@sap:registry: https://npm.sap.com

